@storybook/cli v7.0.6

info => Cleaning outputDir: /var/folders/k5/bbwt09k17q9bsf06h5jyjjch0000gn/T/chromatic--85364-jn6Y6z5YdUSq
info => Loading presets
info => Building manager..
info => Manager built (168 ms)
info => Copying static files: /Users/syang14/storybooks/storybooks_getting_started/taskbox/node_modules/@storybook/manager/static at /var/folders/k5/bbwt09k17q9bsf06h5jyjjch0000gn/T/chromatic--85364-jn6Y6z5YdUSq/sb-common-assets
info => Copying static files: /Users/syang14/storybooks/storybooks_getting_started/taskbox/public at /var/folders/k5/bbwt09k17q9bsf06h5jyjjch0000gn/T/chromatic--85364-jn6Y6z5YdUSq/
vite v4.2.2 building for production...

./sb-common-assets/fonts.css doesn't exist at build time, it will remain unchanged to be resolved at runtime
transforming...
Use of eval in "node_modules/telejson/dist/index.mjs" is strongly discouraged as it poses security risks and may cause issues with minification.
Use of eval in "node_modules/telejson/dist/index.mjs" is strongly discouraged as it poses security risks and may cause issues with minification.
✓ 1666 modules transformed.
rendering chunks...
warnings when minifying css:
▲ [WARNING] CSS nesting syntax is not supported in the configured target environment ("chrome87", "edge88", "es2020", "firefox78", "safari14") [unsupported-css-nesting]

    <stdin>:36:2:
      36 │   *vertical-align: middle;
         ╵   ^


▲ [WARNING] Expected identifier but found whitespace [css-syntax-error]

    <stdin>:36:18:
      36 │   *vertical-align: middle;
         ╵                   ^


▲ [WARNING] Unexpected ";" [css-syntax-error]

    <stdin>:36:25:
      36 │   *vertical-align: middle;
         ╵                          ^


computing gzip size...
../../../../../var/folders/k5/bbwt09k17q9bsf06h5jyjjch0000gn/T/chromatic--85364-jn6Y6z5YdUSq/iframe.html                                          12.58 kB
../../../../../var/folders/k5/bbwt09k17q9bsf06h5jyjjch0000gn/T/chromatic--85364-jn6Y6z5YdUSq/assets/percolate-dac75269.ttf                        34.04 kB
../../../../../var/folders/k5/bbwt09k17q9bsf06h5jyjjch0000gn/T/chromatic--85364-jn6Y6z5YdUSq/assets/percolate-ec979d96.woff                       34.11 kB
../../../../../var/folders/k5/bbwt09k17q9bsf06h5jyjjch0000gn/T/chromatic--85364-jn6Y6z5YdUSq/assets/percolate-5ed633c2.eot                        34.21 kB
../../../../../var/folders/k5/bbwt09k17q9bsf06h5jyjjch0000gn/T/chromatic--85364-jn6Y6z5YdUSq/assets/percolate-d13fa91b.svg                       140.51 kB
../../../../../var/folders/k5/bbwt09k17q9bsf06h5jyjjch0000gn/T/chromatic--85364-jn6Y6z5YdUSq/assets/preview-01e98ba6.css                           6.91 kB │ gzip:   2.07 kB
../../../../../var/folders/k5/bbwt09k17q9bsf06h5jyjjch0000gn/T/chromatic--85364-jn6Y6z5YdUSq/assets/index-d475d2ea.js                              0.21 kB │ gzip:   0.17 kB │ map:     0.85 kB
../../../../../var/folders/k5/bbwt09k17q9bsf06h5jyjjch0000gn/T/chromatic--85364-jn6Y6z5YdUSq/assets/_commonjs-dynamic-modules-302442b1.js          0.30 kB │ gzip:   0.24 kB │ map:     0.12 kB
../../../../../var/folders/k5/bbwt09k17q9bsf06h5jyjjch0000gn/T/chromatic--85364-jn6Y6z5YdUSq/assets/WithTooltip-FBT32F6Q-a6f49940.js               0.55 kB │ gzip:   0.32 kB │ map:     0.11 kB
../../../../../var/folders/k5/bbwt09k17q9bsf06h5jyjjch0000gn/T/chromatic--85364-jn6Y6z5YdUSq/assets/syntaxhighlighter-QTQ2UBB4-c5d66614.js         0.57 kB │ gzip:   0.35 kB │ map:     0.12 kB
../../../../../var/folders/k5/bbwt09k17q9bsf06h5jyjjch0000gn/T/chromatic--85364-jn6Y6z5YdUSq/assets/index-6d7aa4ee.js                              0.62 kB │ gzip:   0.38 kB │ map:     4.30 kB
../../../../../var/folders/k5/bbwt09k17q9bsf06h5jyjjch0000gn/T/chromatic--85364-jn6Y6z5YdUSq/assets/preview-0435c720.js                            0.69 kB │ gzip:   0.49 kB │ map:     3.88 kB
../../../../../var/folders/k5/bbwt09k17q9bsf06h5jyjjch0000gn/T/chromatic--85364-jn6Y6z5YdUSq/assets/_commonjsHelpers-042e6b4d.js                   0.78 kB │ gzip:   0.44 kB │ map:     0.11 kB
../../../../../var/folders/k5/bbwt09k17q9bsf06h5jyjjch0000gn/T/chromatic--85364-jn6Y6z5YdUSq/assets/index-356e4a49.js                              0.81 kB │ gzip:   0.51 kB │ map:     3.28 kB
../../../../../var/folders/k5/bbwt09k17q9bsf06h5jyjjch0000gn/T/chromatic--85364-jn6Y6z5YdUSq/assets/preview-ab9844ae.js                            0.83 kB │ gzip:   0.49 kB │ map:     1.29 kB
../../../../../var/folders/k5/bbwt09k17q9bsf06h5jyjjch0000gn/T/chromatic--85364-jn6Y6z5YdUSq/assets/preview-b1164a2e.js                            0.88 kB │ gzip:   0.58 kB │ map:     2.86 kB
../../../../../var/folders/k5/bbwt09k17q9bsf06h5jyjjch0000gn/T/chromatic--85364-jn6Y6z5YdUSq/assets/preview-bb5acd95.js                            2.38 kB │ gzip:   1.26 kB │ map:    10.43 kB
../../../../../var/folders/k5/bbwt09k17q9bsf06h5jyjjch0000gn/T/chromatic--85364-jn6Y6z5YdUSq/assets/index-d37d4223.js                              2.63 kB │ gzip:   1.30 kB │ map:     7.49 kB
../../../../../var/folders/k5/bbwt09k17q9bsf06h5jyjjch0000gn/T/chromatic--85364-jn6Y6z5YdUSq/assets/Task.stories-46838fb4.js                       3.08 kB │ gzip:   1.41 kB │ map:     4.50 kB
../../../../../var/folders/k5/bbwt09k17q9bsf06h5jyjjch0000gn/T/chromatic--85364-jn6Y6z5YdUSq/assets/preview-f96f0111.js                            3.29 kB │ gzip:   1.41 kB │ map:    10.14 kB
../../../../../var/folders/k5/bbwt09k17q9bsf06h5jyjjch0000gn/T/chromatic--85364-jn6Y6z5YdUSq/assets/preview-6fe079b6.js                            3.78 kB │ gzip:   1.79 kB │ map:    14.61 kB
../../../../../var/folders/k5/bbwt09k17q9bsf06h5jyjjch0000gn/T/chromatic--85364-jn6Y6z5YdUSq/assets/iframe-ab2502da.js                             4.73 kB │ gzip:   1.69 kB │ map:     5.48 kB
../../../../../var/folders/k5/bbwt09k17q9bsf06h5jyjjch0000gn/T/chromatic--85364-jn6Y6z5YdUSq/assets/index-f1f749bf.js                              7.25 kB │ gzip:   2.96 kB │ map:    15.73 kB
../../../../../var/folders/k5/bbwt09k17q9bsf06h5jyjjch0000gn/T/chromatic--85364-jn6Y6z5YdUSq/assets/preview-62235626.js                            7.69 kB │ gzip:   1.60 kB │ map:    13.74 kB
../../../../../var/folders/k5/bbwt09k17q9bsf06h5jyjjch0000gn/T/chromatic--85364-jn6Y6z5YdUSq/assets/preview-e6f1f377.js                            7.97 kB │ gzip:   3.03 kB │ map:    28.23 kB
../../../../../var/folders/k5/bbwt09k17q9bsf06h5jyjjch0000gn/T/chromatic--85364-jn6Y6z5YdUSq/assets/index-078d3f98.js                             10.06 kB │ gzip:   3.66 kB │ map:    26.50 kB
../../../../../var/folders/k5/bbwt09k17q9bsf06h5jyjjch0000gn/T/chromatic--85364-jn6Y6z5YdUSq/assets/GlobalScrollAreaStyles-XIHNDKUY-13e369e8.js   10.53 kB │ gzip:   2.40 kB │ map:    15.73 kB
../../../../../var/folders/k5/bbwt09k17q9bsf06h5jyjjch0000gn/T/chromatic--85364-jn6Y6z5YdUSq/assets/preview-8e084d2f.js                           11.13 kB │ gzip:   3.76 kB │ map:    41.81 kB
../../../../../var/folders/k5/bbwt09k17q9bsf06h5jyjjch0000gn/T/chromatic--85364-jn6Y6z5YdUSq/assets/Color-3YIJY6X7-ac9be5ee.js                    31.11 kB │ gzip:  11.69 kB │ map:   112.74 kB
../../../../../var/folders/k5/bbwt09k17q9bsf06h5jyjjch0000gn/T/chromatic--85364-jn6Y6z5YdUSq/assets/TaskList.stories-67756d15.js                  39.76 kB │ gzip:  13.70 kB │ map:   230.30 kB
../../../../../var/folders/k5/bbwt09k17q9bsf06h5jyjjch0000gn/T/chromatic--85364-jn6Y6z5YdUSq/assets/OverlayScrollbars-VAV6LJAB-4922b61a.js        59.11 kB │ gzip:  25.35 kB │ map:   277.23 kB
../../../../../var/folders/k5/bbwt09k17q9bsf06h5jyjjch0000gn/T/chromatic--85364-jn6Y6z5YdUSq/assets/_getPrototype-ad889add.js                     78.82 kB │ gzip:  23.65 kB │ map:   328.77 kB
../../../../../var/folders/k5/bbwt09k17q9bsf06h5jyjjch0000gn/T/chromatic--85364-jn6Y6z5YdUSq/assets/index-96c5f47c.js                            134.19 kB │ gzip:  43.27 kB │ map:   326.80 kB
../../../../../var/folders/k5/bbwt09k17q9bsf06h5jyjjch0000gn/T/chromatic--85364-jn6Y6z5YdUSq/assets/config-cae35e8f.js                           214.38 kB │ gzip:  66.75 kB │ map:   807.46 kB
../../../../../var/folders/k5/bbwt09k17q9bsf06h5jyjjch0000gn/T/chromatic--85364-jn6Y6z5YdUSq/assets/InboxScreen.stories-e231f282.js              258.21 kB │ gzip:  60.70 kB │ map:   928.38 kB
../../../../../var/folders/k5/bbwt09k17q9bsf06h5jyjjch0000gn/T/chromatic--85364-jn6Y6z5YdUSq/assets/index-7fd7b4cd.js                            337.22 kB │ gzip:  99.43 kB │ map: 1,436.37 kB
../../../../../var/folders/k5/bbwt09k17q9bsf06h5jyjjch0000gn/T/chromatic--85364-jn6Y6z5YdUSq/assets/DocsRenderer-7FRJXR4N-59b38e88.js            504.82 kB │ gzip: 166.16 kB │ map: 1,437.76 kB
../../../../../var/folders/k5/bbwt09k17q9bsf06h5jyjjch0000gn/T/chromatic--85364-jn6Y6z5YdUSq/assets/formatter-S4K5WUZV-d315c37f.js               601.76 kB │ gzip: 185.12 kB │ map: 1,315.99 kB

(!) Some chunks are larger than 500 kBs after minification. Consider:
- Using dynamic import() to code-split the application
- Use build.rollupOptions.output.manualChunks to improve chunking: https://rollupjs.org/configuration-options/#output-manualchunks
- Adjust chunk size limit for this warning via build.chunkSizeWarningLimit.
✓ built in 8.86s
info => Output directory: /var/folders/k5/bbwt09k17q9bsf06h5jyjjch0000gn/T/chromatic--85364-jn6Y6z5YdUSq
